<?xml version="1.0" encoding="UTF-8"?>
<!-- Generated by org.testng.reporters.JUnitXMLReporter -->
<testsuite hostname="DESKTOP-ACFHNHV" ignored="0" name="Run on FireFox UI" tests="6" failures="0" timestamp="08 Oct 2020 08:38:17 GMT" time="0.027" errors="0">
  <testcase name="@BeforeClass beforeClass" time="0.0" classname="com.nopcommerce.users.Level_07_Register_Login_Page_Rest_Parameter">
    <failure type="org.testng.TestNGException" message="
Method beforeClass requires 1 parameters but 2 were supplied in the BeforeClass annotation.">
      <![CDATA[org.testng.TestNGException: 
Method beforeClass requires 1 parameters but 2 were supplied in the BeforeClass annotation.
... Removed 23 stack frames]]>
    </failure>
  </testcase> <!-- @BeforeClass beforeClass -->
  <testcase name="@AfterClass afterClass" time="0.0" classname="com.nopcommerce.users.Level_07_Register_Login_Page_Rest_Parameter">
    <skipped/>
  </testcase> <!-- @AfterClass afterClass -->
  <testcase name="TC_01_Register" time="0.0" classname="com.nopcommerce.users.Level_07_Register_Login_Page_Rest_Parameter">
    <skipped/>
  </testcase> <!-- TC_01_Register -->
  <testcase name="TC_02_Log_In" time="0.0" classname="com.nopcommerce.users.Level_07_Register_Login_Page_Rest_Parameter">
    <skipped/>
  </testcase> <!-- TC_02_Log_In -->
  <testcase name="TC_03_My_Account" time="0.0" classname="com.nopcommerce.users.Level_07_Register_Login_Page_Rest_Parameter">
    <skipped/>
  </testcase> <!-- TC_03_My_Account -->
  <testcase name="TC_04_Rest_Parameter_Solution_1" time="0.0" classname="com.nopcommerce.users.Level_07_Register_Login_Page_Rest_Parameter">
    <skipped/>
  </testcase> <!-- TC_04_Rest_Parameter_Solution_1 -->
  <testcase name="TC_04_Rest_Parameter_Solution_2" time="0.0" classname="com.nopcommerce.users.Level_07_Register_Login_Page_Rest_Parameter">
    <skipped/>
  </testcase> <!-- TC_04_Rest_Parameter_Solution_2 -->
  <testcase name="TC_04_Switch_Page" time="0.0" classname="com.nopcommerce.users.Level_07_Register_Login_Page_Rest_Parameter">
    <skipped/>
  </testcase> <!-- TC_04_Switch_Page -->
</testsuite> <!-- Run on FireFox UI -->
